sample.interval=20000
"sample.int" "sample" "matrix" "is.data.frame" "rowSums" 
"sample.int" "sample" "matrix" "is.data.frame" "rowSums" 
"sample.int" "sample" "matrix" "is.data.frame" "rowSums" 
"sample.int" "sample" "matrix" "is.data.frame" "rowSums" 
"sample" "matrix" "is.data.frame" "rowSums" 
"sample" "matrix" "is.data.frame" "rowSums" 
"sample" "matrix" "is.data.frame" "rowSums" 
"matrix" "is.data.frame" "rowSums" 
"matrix" "is.data.frame" "rowSums" 
"matrix" "is.data.frame" "rowSums" 
"rowSums" 
"sample.int" "sample" "matrix" "is.data.frame" "rowSums" 
"sample.int" "sample" "matrix" "is.data.frame" "rowSums" 
"sample" "matrix" "is.data.frame" "rowSums" 
"matrix" "is.data.frame" "rowSums" 
"rowSums" 
"sample.int" "sample" "matrix" "is.data.frame" "rowSums" 
"sample.int" "sample" "matrix" "is.data.frame" "rowSums" 
"sample.int" "sample" "matrix" "is.data.frame" "rowSums" 
"sample.int" "sample" "matrix" "is.data.frame" "rowSums" 
"sample.int" "sample" "matrix" "is.data.frame" "rowSums" 
"sample.int" "sample" "matrix" "is.data.frame" "rowSums" 
"sample.int" "sample" "matrix" "is.data.frame" "rowSums" 
"sample" "matrix" "is.data.frame" "rowSums" 
"sample" "matrix" "is.data.frame" "rowSums" 
"sample" "matrix" "is.data.frame" "rowSums" 
"matrix" "is.data.frame" "rowSums" 
"matrix" "is.data.frame" "rowSums" 
"matrix" "is.data.frame" "rowSums" 
"rowSums" 
"rowSums" 
